I am using function and it looks like it works most of the but out of the blue it just stops also noticed that every time I send the command to print though I follow the P with carriage I get string containing back which according to the manual means error even though the weight is Then the scale stops reacting to the print command at is my the print command to the bytes is an instance of SerialPort am using OHAUS app is written with on compact framework hp thin WinCE ideas are SHould be simple to do but apparently the balance print programmatically through the serial
have developed a custom control flow task just want to check if there is any specific process or way in which if we redeploy the versions of the component then we need not reset toolbox and add the component manually to the As of now if I make any changes to the custom component and I have to reset toolbox and readd the component in is causing in Custom Control flow component
not sure how to set the avrdude port on windows described somewhere in the but I think making a bigger mistake Siemens C55 does not run on It uses Infineon C16X like all the siemens phones from I think this code will work on siemens Siemens C55 include the stk200 interface if you need a flasher for look for more information on
integration already I just found it a commercial product by ALM havent personally tried it but in the process of obtaining
Are you certain your version of adduser or useradd have an option to pass it a shell scripts work like You could depending on your have passwd read from stdin and echo the 2nd argument to
have a column that is sometimes an integer and sometimes a Return the string and check it using in the client
you multiple documents will be printed in multiple workaround could be join all the pdf into a single document and print
you make a bounding sphere of the all you need to do is keep the camera at a distance greater than or equal to the radius of the bounding sphere if you have a bounding sphere with radius and a specified Field of View your camera just needs to be at a point pointing towards the center of the bounding equation for calculating the distance Radius will work in for a camera at any
believe might be somewhat equivalent to what your looking
you are using does the revision graph not do what you
is the correct event to trap in your Perhaps a little more detail might help to identify why this event is not you should keep in mind that it is possible that the TreeView may not raise the event at all unless the for the node is set to or This might be a point to look update to original behaviour is quite When you set the of a it goes into This means that it renders as a hyperlink instead of a clickable all selection events are disabled for such a TreeNode and the property of the TreeView will return a null This is because the purpose of the TreeNode becomes solely the redirection to a supplied there are a few solutions to solve this Instead of setting a property handle the event and set the attribute there conditionally depending on which node was clicked Also set the visibility to Attach a client script to the event of your TreeView within which you set the visibility of the Examples on how to do this are on and this
working on an application in and was wondering specifically how I could implement a function if I wanted to roll my I have the following is a good way of generating a Unique ID that is hard to there be a timer attached to If how long should it I record the IP Does it even information should I ask for under the screen Just Email Or maybe email address plus some piece of information that they there any other considerations I need to be aware have technical implementation Indeed the accepted answer glosses over the gory I hope that this question and subsequent answers will go into the gory and I hope by phrasing this question much more narrowly that the answers are less and more Answers that also go into how such a table would be modeled and handled in SQL Server or any MVC links to an answer would be to Implement Password
first one is the right way to do Both copy and alloc will allocate memory to your So using the second option will increase the retain count of your variable to
can be a but decided to turn off Session and deal with the So far nothing insurmountable has come
case anyone ends up running into a similar here was my to explain my string string string instead of having the allFoos object that I passed to a master and then trying to pass the corresponding Bar object to the I created a new string string string basically I flattened the From there I created a single I added one table that had as and passed in the collection of I also created a footer on the so that I would have consistent paging across all I then used grouping to keep objects On the groups I set the Break at and Group and Group options to Then I just set up the Group Headers to fake being my Page Headers along with group headers just 5 lines of Group one of which was blank to provide some that was basically
is already starting to lose support and I feel the IE8 release may be the last Very few products have three seperate supported products at have dropped support for IE6 in most sites by I throw Dean script at the page and if IE6 still the end of it unless IE6 is
earlier Emacs Tramp had a On GNU Emacs 22 and you could use it like open on The same thing is possible on but with a somewhat different You can use different access
MVC The Life of an MVC Navin Navin
am just experimenting with struts2 I know how to implement Can anyone give any link for simple example of using strus2 tiles What is the basic requirement for that Tiles how to
B int int return A B int if can I avoid the null check for b return null pointer checks in
