&apos;Advertiser : 1 : {(d2.txt, 2)}	
&apos;Agoust : 1 : {(d10.txt, 12)}	
&apos;Anything : 1 : {(d14.txt, 1)}	
&apos;Armes : 1 : {(d10.txt, 1)}	
&apos;Auberge : 1 : {(d15.txt, 1)}	
&apos;Ave : 1 : {(d17.txt, 1)}	
&apos;Be : 1 : {(d14.txt, 1)}	
&apos;Braxton : 1 : {(d14.txt, 3)}	
&apos;But : 2 : {(d10.txt, 2), (d14.txt, 6)}	
&apos;By : 1 : {(d10.txt, 1)}	
&apos;Cassandra : 1 : {(d10.txt, 1)}	
&apos;Commune : 1 : {(d10.txt, 1)}	
&apos;Don : 1 : {(d14.txt, 1)}	
&apos;E : 1 : {(d17.txt, 1)}	
&apos;Eleven : 1 : {(d14.txt, 1)}	
&apos;Enghien : 1 : {(d10.txt, 1)}	
&apos;Ere : 2 : {(d17.txt, 1), (d6.txt, 1)}	
&apos;Espagne : 1 : {(d10.txt, 1)}	
&apos;Espard : 1 : {(d13.txt, 1)}	
&apos;Fifty : 1 : {(d10.txt, 1)}	
